// Austin Burt
// Log for Bowling program summer project.
06/17/17 - started project.         2.0
                                        2.0
06/18/17 - morning before bowling.  0.5
06/18/17 - before hw/after bowling. 1.5
06/18/17 - hw break.                0.5
06/18/17 - crushing code after hw.  2.0
    finished Frame and Frame10          4.5
06/20/17 - before sumner came over  1.5
                                        1.5
06/21/17 - before hw. stupid        1.5
         - << overload error            1.5
07/13/17 - basically all of Game    4.0
                                        4.0
07/14/17 - wrote Bowler. just began 3.0
         - testing.                     3.0
07/17/17 - worked on "Bowler does   1.0
         - not name type" entirety.     1.0
07/18/17 - finished Bowler.             3.0
01/19/18 - made the shell & some    3.0
         - function of Score            3.0
02/06/18 - made heady progress      2.5
         - on Score                     2.5
02/07/18 12:45
02/07/18 13:16
